<?xml version="1.0" encoding="UTF-8"?>
<testsuite errors="0" failures="2" hostname="Josephs-MacBook-Air.local" name="com.tekspike.Lab1_XMLTests" tests="2" time="0.074" timestamp="2011-09-21T02:40:32">
  <properties />
  <testcase classname="com.tekspike.Lab1_XMLTests" name="testGenerateAlbumXML" time="0.044">
    <failure message="java.lang.NullPointerException: Cannot invoke method replaceAll() on null object" type="java.lang.NullPointerException">java.lang.NullPointerException: Cannot invoke method replaceAll() on null object
	at com.tekspike.Lab1_XMLTests.testGenerateAlbumXML(Lab1_XMLTests.groovy:34)
</failure>
  </testcase>
  <testcase classname="com.tekspike.Lab1_XMLTests" name="testGenerateAlbumsXML" time="0.017">
    <failure message="java.lang.NullPointerException: Cannot invoke method replaceAll() on null object" type="java.lang.NullPointerException">java.lang.NullPointerException: Cannot invoke method replaceAll() on null object
	at com.tekspike.Lab1_XMLTests.testGenerateAlbumsXML(Lab1_XMLTests.groovy:50)
</failure>
  </testcase>
  <system-out><![CDATA[ JOE :: null
]]></system-out>
  <system-err><![CDATA[]]></system-err>
</testsuite>
