<?xml version="1.0" encoding="UTF-8"?>
<testsuite errors="0" failures="0" hostname="Josephs-MacBook-Air.local" name="com.tekspike.BasicExample" tests="4" time="0.572" timestamp="2011-09-21T02:40:31">
  <properties />
  <testcase classname="com.tekspike.BasicExample" name="test a basic example" time="0.154" />
  <testcase classname="com.tekspike.BasicExample" name="test fibonaci" time="0.054" />
  <testcase classname="com.tekspike.BasicExample" name="test to small of a number" time="0.012" />
  <testcase classname="com.tekspike.BasicExample" name="comparing two decimal numbers" time="0.033" />
  <system-out><![CDATA[the tail : [3]
the tail : class java.util.ArrayList
the tail : [8]
the tail : class java.util.ArrayList
the tail : [34]
the tail : class java.util.ArrayList
]]></system-out>
  <system-err><![CDATA[]]></system-err>
</testsuite>
