<?xml version="1.0" encoding="UTF-8"?>
<testsuite errors="0" failures="1" hostname="Josephs-MacBook-Air.local" name="com.tekspike.Lab1_XMLParseTests" tests="1" time="0.025" timestamp="2011-09-21T02:40:32">
  <properties />
  <testcase classname="com.tekspike.Lab1_XMLParseTests" name="testParseXML" time="0.015">
    <failure message="java.lang.NullPointerException: Cannot invoke method getAt() on null object" type="java.lang.NullPointerException">java.lang.NullPointerException: Cannot invoke method getAt() on null object
	at com.tekspike.Lab1_XMLParseTests.testParseXML(Lab1_XMLParseTests.groovy:39)
</failure>
  </testcase>
  <system-out><![CDATA[]]></system-out>
  <system-err><![CDATA[]]></system-err>
</testsuite>
