<?xml version="1.0" encoding="UTF-8"?>
<testsuite errors="0" failures="1" hostname="Josephs-MacBook-Air.local" name="com.tekspike.Lab1_DBTests" tests="1" time="0.04" timestamp="2011-09-21T02:40:32">
  <properties />
  <testcase classname="com.tekspike.Lab1_DBTests" name="testInsertingIntoTheDatabase" time="0.034">
    <failure message="java.lang.NullPointerException: Cannot invoke method execute() on null object" type="java.lang.NullPointerException">java.lang.NullPointerException: Cannot invoke method execute() on null object
	at com.tekspike.sql.MusicDBCaller.createConnection(MusicDBCaller.groovy:19)
	at com.tekspike.Lab1_DBTests.testInsertingIntoTheDatabase(Lab1_DBTests.groovy:28)
</failure>
  </testcase>
  <system-out><![CDATA[]]></system-out>
  <system-err><![CDATA[]]></system-err>
</testsuite>
